#
# A fatal error has been detected by the Java Runtime Environment:
#
#  EXCEPTION_ACCESS_VIOLATION (0xc0000005) at pc=0x00007ffb772c6587, pid=8352, tid=12952
#
# JRE version: OpenJDK Runtime Environment (21.0.1+12) (build 21.0.1+12-29)
# Java VM: OpenJDK 64-Bit Server VM (21.0.1+12-29, mixed mode, sharing, tiered, compressed oops, compressed class ptrs, g1 gc, windows-amd64)
# Problematic frame:
# C  [glass.dll+0x26587]
#
# No core dump will be written. Minidumps are not enabled by default on client versions of Windows
#
# If you would like to submit a bug report, please visit:
#   https://bugreport.java.com/bugreport/crash.jsp
#

---------------  S U M M A R Y ------------

Command Line: --module-path=C:\javafx-sdk-21.0.1\lib --add-modules=javafx.controls,javafx.fxml -javaagent:D:\IntelliJ IDEA 2023.2.5\lib\idea_rt.jar=59876:D:\IntelliJ IDEA 2023.2.5\bin -Dfile.encoding=UTF-8 -Dsun.stdout.encoding=UTF-8 -Dsun.stderr.encoding=UTF-8 javapro.ImageEditor

Host: AMD FX(tm)-4350 Quad-Core Processor            , 4 cores, 15G,  Windows 10 , 64 bit Build 19041 (10.0.19041.3636)
Time: Fri Dec  8 20:59:22 2023 RTZ 2 (s 10 , 64 bit Build 19041 (10.0.19041.3636) elapsed time: 197.830289 seconds (0d 0h 3m 17s)

---------------  T H R E A D  ---------------

Current thread (0x000001f2064952c0):  VMThread "VM Thread"          [id=12952, stack(0x0000001b8ed00000,0x0000001b8ee00000) (1024K)]

Stack: [0x0000001b8ed00000,0x0000001b8ee00000],  sp=0x0000001b8edff250,  free space=1020k
Native frames: (J=compiled Java code, j=interpreted, Vv=VM code, C=native code)
C  [glass.dll+0x26587]


siginfo: EXCEPTION_ACCESS_VIOLATION (0xc0000005), reading address 0x0000000000000000


Registers:
RAX=0x0000000000000000, RBX=0x000001f2066ee552, RCX=0x000001f2064952c0, RDX=0x0000001b8edff250
RSP=0x0000001b8edff250, RBP=0x000001f24d1ee1e8, RSI=0x000001f24d1ee1c0, RDI=0x00004a226d2e908a
R8 =0x0000000000010002, R9 =0x00004a226d2e908a, R10=0x0000000000008000, R11=0x0000001b8edff1e0
R12=0x00007ffb772c3ed0, R13=0x00007ffb39951fa0, R14=0x0000001b8edff348, R15=0x000001f24d1ee1c0
RIP=0x00007ffb772c6587, EFLAGS=0x0000000000010206


Register to memory mapping:

RAX=0x0 is null
RBX=0x000001f2066ee552 is a global jni handle
RCX=0x000001f2064952c0 points into unknown readable memory: 0x00007ffb39763f88 | 88 3f 76 39 fb 7f 00 00
RDX=0x0000001b8edff250 points into unknown readable memory: 0x0000000000000000 | 00 00 00 00 00 00 00 00
RSP=0x0000001b8edff250 points into unknown readable memory: 0x0000000000000000 | 00 00 00 00 00 00 00 00
RBP=0x000001f24d1ee1e8 points into unknown readable memory: 0x00004a226d2e908a | 8a 90 2e 6d 22 4a 00 00
RSI=0x000001f24d1ee1c0 points into unknown readable memory: 0x01ffa7feddc9308a | 8a 30 c9 dd fe a7 ff 01
RDI=0x00004a226d2e908a is an unknown value
R8 =0x0000000000010002 is an unknown value
R9 =0x00004a226d2e908a is an unknown value
R10=0x0000000000008000 is an unknown value
R11=0x0000001b8edff1e0 points into unknown readable memory: 0x0000000000000000 | 00 00 00 00 00 00 00 00
R12=0x00007ffb772c3ed0 glass.dll
R13=0x00007ffb39951fa0 jvm.dll
R14=0x0000001b8edff348 points into unknown readable memory: 0x0000001b8edff330 | 30 f3 df 8e 1b 00 00 00
R15=0x000001f24d1ee1c0 points into unknown readable memory: 0x01ffa7feddc9308a | 8a 30 c9 dd fe a7 ff 01

Top of Stack: (sp=0x0000001b8edff250)
0x0000001b8edff250:   0000000000000000 000001f24d1ee1c0
0x0000001b8edff260:   00007ffb39951fa0 00007ffb772c3ed0
0x0000001b8edff270:   000001f24d1ee1c8 00007ffb926f42d6
0x0000001b8edff280:   00004a226d2e908a 000001f200000000
0x0000001b8edff290:   000001f24d1ee1e8 000001f24d1ee1c0
0x0000001b8edff2a0:   fffffffffffffffe 0000000000000000
0x0000001b8edff2b0:   0000000000000001 00007ffb772a0000
0x0000001b8edff2c0:   0000001b8edff338 00007ffb926f41fb
0x0000001b8edff2d0:   0000000000000000 0000001b8edff348
0x0000001b8edff2e0:   0000001b8edff620 00007ffb927d0e40
0x0000001b8edff2f0:   0000000000000001 00007ffb926f41b4
0x0000001b8edff300:   0000000000000000 0000000000000001
0x0000001b8edff310:   0000000000000000 0000001b8edff338
0x0000001b8edff320:   ffffffff00000001 00007ffb772c3d5d
0x0000001b8edff330:   00007ffb772da008 00007ffb00000002
0x0000001b8edff340:   0000000000000002 0000001b8edff330
0x0000001b8edff350:   00007ffb91390000 00007ffb94b49993
0x0000001b8edff360:   0000000000000000 00007ffb772c3e82
0x0000001b8edff370:   0000000000000001 0000000000000000
0x0000001b8edff380:   0000000000000000 000000007ffe0384
0x0000001b8edff390:   00007ffb8fa50000 00007ffb8fa60a30
0x0000001b8edff3a0:   00007ffb00000001 0000001b8edff620
0x0000001b8edff3b0:   00007ffb772a0000 000000007ffe0384
0x0000001b8edff3c0:   0000000000000000 00007ffb94b49a1d
0x0000001b8edff3d0:   00007ffb772a0000 0000000000000000
0x0000001b8edff3e0:   0000000000000001 000000007ffe0385
0x0000001b8edff3f0:   0000000000000000 00007ffb94b8de41
0x0000001b8edff400:   0000f5cb2746c900 0000000000000014
0x0000001b8edff410:   00007ffb772c3ed0 0000000000000000
0x0000001b8edff420:   0000000000000000 0000001b8e00c000
0x0000001b8edff430:   000001f24ce969c0 00007ffb94b8dcda
0x0000001b8edff440:   000001f24ce97580 00007ffb772a0000 

Instructions: (pc=0x00007ffb772c6587)
0x00007ffb772c6487:   8b 4d 58 e8 8d cf ff ff 48 8b 4d 60 e8 84 cf ff
0x00007ffb772c6497:   ff 48 8b 95 80 00 00 00 48 8b 8d 18 01 00 00 e8
0x00007ffb772c64a7:   76 c4 ff ff 33 d2 33 c9 e8 cc e1 ff ff 90 48 89
0x00007ffb772c64b7:   54 24 10 55 48 83 ec 20 48 8b ea 48 b8 00 00 00
0x00007ffb772c64c7:   00 00 00 00 00 48 83 c4 20 5d c3 cc 40 55 48 8b
0x00007ffb772c64d7:   ea 48 8b 01 33 c9 81 38 05 00 00 c0 0f 94 c1 8b
0x00007ffb772c64e7:   c1 5d c3 cc 40 55 48 83 ec 20 48 8b ea 8a 4d 40
0x00007ffb772c64f7:   48 83 c4 20 5d e9 73 d3 ff ff cc 40 55 48 83 ec
0x00007ffb772c6507:   20 48 8b ea 8a 4d 20 e8 61 d3 ff ff 90 48 83 c4
0x00007ffb772c6517:   20 5d c3 cc 40 55 48 83 ec 20 48 8b ea 48 83 c4
0x00007ffb772c6527:   20 5d e9 c2 d1 ff ff cc 40 55 48 83 ec 30 48 8b
0x00007ffb772c6537:   ea 48 8b 01 8b 10 48 89 4c 24 28 89 54 24 20 4c
0x00007ffb772c6547:   8d 0d 63 d6 ff ff 4c 8b 45 70 8b 55 68 48 8b 4d
0x00007ffb772c6557:   60 e8 03 d1 ff ff 90 48 83 c4 30 5d c3 cc cc cc
0x00007ffb772c6567:   cc cc cc cc cc cc cc cc cc 40 53 48 83 ec 20 48
0x00007ffb772c6577:   8b 1d 8b 34 01 00 48 85 db 74 16 e8 89 8f ff ff
0x00007ffb772c6587:   4c 8b 00 48 8b d3 48 8b c8 41 ff 90 b0 00 00 00
0x00007ffb772c6597:   90 48 83 c4 20 5b c3 cc cc 40 53 48 83 ec 20 48
0x00007ffb772c65a7:   8b 1d fb 35 01 00 48 85 db 74 57 b8 ff ff ff ff
0x00007ffb772c65b7:   f0 0f c1 43 10 83 f8 01 75 3d 48 85 db 74 38 48
0x00007ffb772c65c7:   8b 0b 48 85 c9 74 0d ff 15 d4 0c 00 00 48 c7 03
0x00007ffb772c65d7:   00 00 00 00 48 8b 4b 08 48 85 c9 74 0d e8 33 ce
0x00007ffb772c65e7:   ff ff 48 c7 43 08 00 00 00 00 ba 18 00 00 00 48
0x00007ffb772c65f7:   8b cb e8 1e ce ff ff 48 c7 05 9f 35 01 00 00 00
0x00007ffb772c6607:   00 00 48 83 c4 20 5b c3 cc 40 53 48 83 ec 20 48
0x00007ffb772c6617:   8b 1d 6b 35 01 00 48 85 db 74 57 b8 ff ff ff ff
0x00007ffb772c6627:   f0 0f c1 43 10 83 f8 01 75 3d 48 85 db 74 38 48
0x00007ffb772c6637:   8b 0b 48 85 c9 74 0d ff 15 64 0c 00 00 48 c7 03
0x00007ffb772c6647:   00 00 00 00 48 8b 4b 08 48 85 c9 74 0d e8 c3 cd
0x00007ffb772c6657:   ff ff 48 c7 43 08 00 00 00 00 ba 18 00 00 00 48
0x00007ffb772c6667:   8b cb e8 ae cd ff ff 48 c7 05 0f 35 01 00 00 00
0x00007ffb772c6677:   00 00 48 83 c4 20 5b c3 cc 40 53 48 83 ec 20 48 


Stack slot to memory mapping:

stack at sp + 0 slots: 0x0 is null
stack at sp + 1 slots: 0x000001f24d1ee1c0 points into unknown readable memory: 0x01ffa7feddc9308a | 8a 30 c9 dd fe a7 ff 01
stack at sp + 2 slots: 0x00007ffb39951fa0 jvm.dll
stack at sp + 3 slots: 0x00007ffb772c3ed0 glass.dll
stack at sp + 4 slots: 0x000001f24d1ee1c8 points into unknown readable memory: 0x00004a226d2e908a | 8a 90 2e 6d 22 4a 00 00
stack at sp + 5 slots: 0x00007ffb926f42d6 ucrtbase.dll
stack at sp + 6 slots: 0x00004a226d2e908a is an unknown value
stack at sp + 7 slots: 0x000001f200000000 points into unknown readable memory: 0x0000000000000000 | 00 00 00 00 00 00 00 00

VM_Operation (0x0000001b914fecd0): Exit, mode: safepoint, requested by thread 0x000001f24d527560


---------------  P R O C E S S  ---------------

Threads class SMR info:
_java_thread_list=0x000001f24cf8a0c0, length=22, elements={
0x000001f2659dd3d0, 0x000001f2064b5440, 0x000001f2064b79d0, 0x000001f2064b9e00,
0x000001f2064bcd80, 0x000001f2064bdbf0, 0x000001f2064bec10, 0x000001f2064bf9a0,
0x000001f2064cb150, 0x000001f2066faec0, 0x000001f24c321d30, 0x000001f24c667bb0,
0x000001f24cb66b40, 0x000001f24c6d1290, 0x000001f24cb614e0, 0x000001f24d119f20,
0x000001f24d0fe920, 0x000001f24d526ed0, 0x000001f24d525490, 0x000001f24d526840,
0x000001f24d527560, 0x000001f24d527bf0
}

Java Threads: ( => current thread )
  0x000001f2659dd3d0 JavaThread "main"                              [_thread_blocked, id=7884, stack(0x0000001b8e600000,0x0000001b8e700000) (1024K)]
  0x000001f2064b5440 JavaThread "Reference Handler"          daemon [_thread_blocked, id=4332, stack(0x0000001b8ee00000,0x0000001b8ef00000) (1024K)]
  0x000001f2064b79d0 JavaThread "Finalizer"                  daemon [_thread_blocked, id=11060, stack(0x0000001b8ef00000,0x0000001b8f000000) (1024K)]
  0x000001f2064b9e00 JavaThread "Signal Dispatcher"          daemon [_thread_blocked, id=9452, stack(0x0000001b8f000000,0x0000001b8f100000) (1024K)]
  0x000001f2064bcd80 JavaThread "Attach Listener"            daemon [_thread_blocked, id=1264, stack(0x0000001b8f100000,0x0000001b8f200000) (1024K)]
  0x000001f2064bdbf0 JavaThread "Service Thread"             daemon [_thread_blocked, id=5504, stack(0x0000001b8f200000,0x0000001b8f300000) (1024K)]
  0x000001f2064bec10 JavaThread "Monitor Deflation Thread"   daemon [_thread_blocked, id=13072, stack(0x0000001b8f300000,0x0000001b8f400000) (1024K)]
  0x000001f2064bf9a0 JavaThread "C2 CompilerThread0"         daemon [_thread_blocked, id=1604, stack(0x0000001b8f400000,0x0000001b8f500000) (1024K)]
  0x000001f2064cb150 JavaThread "C1 CompilerThread0"         daemon [_thread_blocked, id=10900, stack(0x0000001b8f500000,0x0000001b8f600000) (1024K)]
  0x000001f2066faec0 JavaThread "Common-Cleaner"             daemon [_thread_blocked, id=10272, stack(0x0000001b8f600000,0x0000001b8f700000) (1024K)]
  0x000001f24c321d30 JavaThread "Monitor Ctrl-Break"         daemon [_thread_in_native, id=5564, stack(0x0000001b8f800000,0x0000001b8f900000) (1024K)]
  0x000001f24c667bb0 JavaThread "Notification Thread"        daemon [_thread_blocked, id=13672, stack(0x0000001b8f900000,0x0000001b8fa00000) (1024K)]
  0x000001f24cb66b40 JavaThread "QuantumRenderer-0"          daemon [_thread_blocked, id=11268, stack(0x0000001b8fd00000,0x0000001b8fe00000) (1024K)]
  0x000001f24c6d1290 JavaThread "InvokeLaterDispatcher"      daemon [_thread_blocked, id=9116, stack(0x0000001b8ff00000,0x0000001b90000000) (1024K)]
  0x000001f24cb614e0 JavaThread "JavaFX Application Thread"         [_thread_in_native, id=14644, stack(0x0000001b90000000,0x0000001b90100000) (1024K)]
  0x000001f24d119f20 JavaThread "JavaFX-Launcher"                   [_thread_blocked, id=7572, stack(0x0000001b90200000,0x0000001b90300000) (1024K)]
  0x000001f24d0fe920 JavaThread "Thread-2"                   daemon [_thread_in_native, id=9132, stack(0x0000001b8f700000,0x0000001b8f800000) (1024K)]
  0x000001f24d526ed0 JavaThread "Prism Font Disposer"        daemon [_thread_blocked, id=7224, stack(0x0000001b90700000,0x0000001b90800000) (1024K)]
  0x000001f24d525490 JavaThread "Cleaner-0"                  daemon [_thread_blocked, id=6344, stack(0x0000001b90300000,0x0000001b90400000) (1024K)]
  0x000001f24d526840 JavaThread "Java2D Disposer"            daemon [_thread_blocked, id=7688, stack(0x0000001b90800000,0x0000001b90900000) (1024K)]
  0x000001f24d527560 JavaThread "SIGINT handler"             daemon [_thread_blocked, id=7496, stack(0x0000001b91400000,0x0000001b91500000) (1024K)]
  0x000001f24d527bf0 JavaThread "Logging-Cleaner"                   [_thread_blocked, id=2724, stack(0x0000001b91e00000,0x0000001b91f00000) (1024K)]
Total: 22

Other Threads:
=>0x000001f2064952c0 VMThread "VM Thread"                           [id=12952, stack(0x0000001b8ed00000,0x0000001b8ee00000) (1024K)]
  0x000001f267b77100 WorkerThread "GC Thread#0"                     [id=11344, stack(0x0000001b8e700000,0x0000001b8e800000) (1024K)]
  0x000001f24cc953f0 WorkerThread "GC Thread#1"                     [id=11724, stack(0x0000001b8fa00000,0x0000001b8fb00000) (1024K)]
  0x000001f24c71a410 WorkerThread "GC Thread#2"                     [id=12532, stack(0x0000001b8fb00000,0x0000001b8fc00000) (1024K)]
  0x000001f24c71a7b0 WorkerThread "GC Thread#3"                     [id=15328, stack(0x0000001b8fc00000,0x0000001b8fd00000) (1024K)]
  0x000001f267b88250 ConcurrentGCThread "G1 Main Marker"            terminated
  0x000001f267b894f0 WorkerThread "G1 Conc#0"                       [id=9772, stack(0x0000001b8e900000,0x0000001b8ea00000) (1024K)]
  0x000001f2063420b0 ConcurrentGCThread "G1 Refine#0"               terminated
  0x000001f267bedd10 ConcurrentGCThread "G1 Service"                terminated
Total: 9

Threads with active compile tasks:
C2 CompilerThread0   197991 4710       4       java.util.concurrent.ConcurrentHashMap::addCount (280 bytes)
Total: 1

VM state: at safepoint (shutting down)

VM Mutex/Monitor currently owned by a thread:  ([mutex/lock_event])
[0x00007ffb3992a5f8] Threads_lock - owner thread: 0x000001f2064952c0
[0x00007ffb3992a6f8] Heap_lock - owner thread: 0x000001f24d527560

Heap address: 0x0000000700400000, size: 4092 MB, Compressed Oops mode: Zero based, Oop shift amount: 3

CDS archive(s) mapped at: [0x000001f207000000-0x000001f207c90000-0x000001f207c90000), size 13172736, SharedBaseAddress: 0x000001f207000000, ArchiveRelocationMode: 1.
Compressed class space mapped at: 0x000001f208000000-0x000001f248000000, reserved size: 1073741824
Narrow klass base: 0x000001f207000000, Narrow klass shift: 0, Narrow klass range: 0x100000000

GC Precious Log:
 CardTable entry size: 512
 Card Set container configuration: InlinePtr #cards 4 size 8 Array Of Cards #cards 16 size 48 Howl #buckets 8 coarsen threshold 3686 Howl Bitmap #cards 512 size 80 coarsen threshold 460 Card regions per heap region 1 cards per card region 4096
 CPUs: 4 total, 4 available
 Memory: 16365M
 Large Page Support: Disabled
 NUMA Support: Disabled
 Compressed Oops: Enabled (Zero based)
 Heap Region Size: 2M
 Heap Min Capacity: 8M
 Heap Initial Capacity: 256M
 Heap Max Capacity: 4092M
 Pre-touch: Disabled
 Parallel Workers: 4
 Concurrent Workers: 1
 Concurrent Refinement Workers: 4
 Periodic GC: Disabled

Heap:
 garbage-first heap   total 262144K, used 45939K [0x0000000700400000, 0x0000000800000000)
  region size 2048K, 7 young (14336K), 5 survivors (10240K)
 Metaspace       used 19296K, committed 19712K, reserved 1114112K
  class space    used 2378K, committed 2560K, reserved 1048576K

Heap Regions: E=young(eden), S=young(survivor), O=old, HS=humongous(starts), HC=humongous(continues), CS=collection set, F=free, TAMS=top-at-mark-start, PB=parsable bottom
|   0|0x0000000700400000, 0x0000000700600000, 0x0000000700600000|100%|HS|  |TAMS 0x0000000700400000| PB 0x0000000700400000| Complete 
|   1|0x0000000700600000, 0x0000000700800000, 0x0000000700800000|100%|HS|  |TAMS 0x0000000700600000| PB 0x0000000700600000| Complete 
|   2|0x0000000700800000, 0x0000000700a00000, 0x0000000700a00000|100%|HS|  |TAMS 0x0000000700800000| PB 0x0000000700800000| Complete 
|   3|0x0000000700a00000, 0x0000000700a00000, 0x0000000700c00000|  0%| F|  |TAMS 0x0000000700a00000| PB 0x0000000700a00000| Untracked 
|   4|0x0000000700c00000, 0x0000000700e00000, 0x0000000700e00000|100%|HS|  |TAMS 0x0000000700c00000| PB 0x0000000700c00000| Complete 
|   5|0x0000000700e00000, 0x0000000701000000, 0x0000000701000000|100%|HS|  |TAMS 0x0000000700e00000| PB 0x0000000700e00000| Complete 
|   6|0x0000000701000000, 0x0000000701200000, 0x0000000701200000|100%|HC|  |TAMS 0x0000000701000000| PB 0x0000000701000000| Complete 
|   7|0x0000000701200000, 0x0000000701200000, 0x0000000701400000|  0%| F|  |TAMS 0x0000000701200000| PB 0x0000000701200000| Untracked 
|   8|0x0000000701400000, 0x0000000701400000, 0x0000000701600000|  0%| F|  |TAMS 0x0000000701400000| PB 0x0000000701400000| Untracked 
|   9|0x0000000701600000, 0x0000000701800000, 0x0000000701800000|100%|HS|  |TAMS 0x0000000701600000| PB 0x0000000701600000| Complete 
|  10|0x0000000701800000, 0x0000000701a00000, 0x0000000701a00000|100%|HS|  |TAMS 0x0000000701800000| PB 0x0000000701800000| Complete 
|  11|0x0000000701a00000, 0x0000000701a00000, 0x0000000701c00000|  0%| F|  |TAMS 0x0000000701a00000| PB 0x0000000701a00000| Untracked 
|  12|0x0000000701c00000, 0x0000000701e00000, 0x0000000701e00000|100%|HS|  |TAMS 0x0000000701c00000| PB 0x0000000701c00000| Complete 
|  13|0x0000000701e00000, 0x0000000702000000, 0x0000000702000000|100%|HC|  |TAMS 0x0000000701e00000| PB 0x0000000701e00000| Complete 
|  14|0x0000000702000000, 0x0000000702200000, 0x0000000702200000|100%|HC|  |TAMS 0x0000000702000000| PB 0x0000000702000000| Complete 
|  15|0x0000000702200000, 0x0000000702400000, 0x0000000702400000|100%|HS|  |TAMS 0x0000000702200000| PB 0x0000000702200000| Complete 
|  16|0x0000000702400000, 0x0000000702600000, 0x0000000702600000|100%|HC|  |TAMS 0x0000000702400000| PB 0x0000000702400000| Complete 
|  17|0x0000000702600000, 0x0000000702800000, 0x0000000702800000|100%|HC|  |TAMS 0x0000000702600000| PB 0x0000000702600000| Complete 
|  18|0x0000000702800000, 0x0000000702a00000, 0x0000000702a00000|100%|HS|  |TAMS 0x0000000702800000| PB 0x0000000702800000| Complete 
|  19|0x0000000702a00000, 0x0000000702c00000, 0x0000000702c00000|100%|HC|  |TAMS 0x0000000702a00000| PB 0x0000000702a00000| Complete 
|  20|0x0000000702c00000, 0x0000000702e00000, 0x0000000702e00000|100%|HC|  |TAMS 0x0000000702c00000| PB 0x0000000702c00000| Complete 
|  21|0x0000000702e00000, 0x0000000702e00000, 0x0000000703000000|  0%| F|  |TAMS 0x0000000702e00000| PB 0x0000000702e00000| Untracked 
|  22|0x0000000703000000, 0x0000000703000000, 0x0000000703200000|  0%| F|  |TAMS 0x0000000703000000| PB 0x0000000703000000| Untracked 
|  23|0x0000000703200000, 0x0000000703200000, 0x0000000703400000|  0%| F|  |TAMS 0x0000000703200000| PB 0x0000000703200000| Untracked 
|  24|0x0000000703400000, 0x0000000703400000, 0x0000000703600000|  0%| F|  |TAMS 0x0000000703400000| PB 0x0000000703400000| Untracked 
|  25|0x0000000703600000, 0x0000000703600000, 0x0000000703800000|  0%| F|  |TAMS 0x0000000703600000| PB 0x0000000703600000| Untracked 
|  26|0x0000000703800000, 0x0000000703800000, 0x0000000703a00000|  0%| F|  |TAMS 0x0000000703800000| PB 0x0000000703800000| Untracked 
|  27|0x0000000703a00000, 0x0000000703a00000, 0x0000000703c00000|  0%| F|  |TAMS 0x0000000703a00000| PB 0x0000000703a00000| Untracked 
|  28|0x0000000703c00000, 0x0000000703c00000, 0x0000000703e00000|  0%| F|  |TAMS 0x0000000703c00000| PB 0x0000000703c00000| Untracked 
|  29|0x0000000703e00000, 0x0000000703e00000, 0x0000000704000000|  0%| F|  |TAMS 0x0000000703e00000| PB 0x0000000703e00000| Untracked 
|  30|0x0000000704000000, 0x0000000704000000, 0x0000000704200000|  0%| F|  |TAMS 0x0000000704000000| PB 0x0000000704000000| Untracked 
|  31|0x0000000704200000, 0x0000000704200000, 0x0000000704400000|  0%| F|  |TAMS 0x0000000704200000| PB 0x0000000704200000| Untracked 
|  32|0x0000000704400000, 0x0000000704400000, 0x0000000704600000|  0%| F|  |TAMS 0x0000000704400000| PB 0x0000000704400000| Untracked 
|  33|0x0000000704600000, 0x0000000704600000, 0x0000000704800000|  0%| F|  |TAMS 0x0000000704600000| PB 0x0000000704600000| Untracked 
|  34|0x0000000704800000, 0x0000000704800000, 0x0000000704a00000|  0%| F|  |TAMS 0x0000000704800000| PB 0x0000000704800000| Untracked 
|  35|0x0000000704a00000, 0x0000000704a00000, 0x0000000704c00000|  0%| F|  |TAMS 0x0000000704a00000| PB 0x0000000704a00000| Untracked 
|  36|0x0000000704c00000, 0x0000000704c00000, 0x0000000704e00000|  0%| F|  |TAMS 0x0000000704c00000| PB 0x0000000704c00000| Untracked 
|  37|0x0000000704e00000, 0x0000000704e00000, 0x0000000705000000|  0%| F|  |TAMS 0x0000000704e00000| PB 0x0000000704e00000| Untracked 
|  38|0x0000000705000000, 0x0000000705000000, 0x0000000705200000|  0%| F|  |TAMS 0x0000000705000000| PB 0x0000000705000000| Untracked 
|  39|0x0000000705200000, 0x0000000705200000, 0x0000000705400000|  0%| F|  |TAMS 0x0000000705200000| PB 0x0000000705200000| Untracked 
|  40|0x0000000705400000, 0x0000000705400000, 0x0000000705600000|  0%| F|  |TAMS 0x0000000705400000| PB 0x0000000705400000| Untracked 
|  41|0x0000000705600000, 0x0000000705600000, 0x0000000705800000|  0%| F|  |TAMS 0x0000000705600000| PB 0x0000000705600000| Untracked 
|  42|0x0000000705800000, 0x0000000705800000, 0x0000000705a00000|  0%| F|  |TAMS 0x0000000705800000| PB 0x0000000705800000| Untracked 
|  43|0x0000000705a00000, 0x0000000705a00000, 0x0000000705c00000|  0%| F|  |TAMS 0x0000000705a00000| PB 0x0000000705a00000| Untracked 
|  44|0x0000000705c00000, 0x0000000705c00000, 0x0000000705e00000|  0%| F|  |TAMS 0x0000000705c00000| PB 0x0000000705c00000| Untracked 
|  45|0x0000000705e00000, 0x0000000705e00000, 0x0000000706000000|  0%| F|  |TAMS 0x0000000705e00000| PB 0x0000000705e00000| Untracked 
|  46|0x0000000706000000, 0x0000000706000000, 0x0000000706200000|  0%| F|  |TAMS 0x0000000706000000| PB 0x0000000706000000| Untracked 
|  47|0x0000000706200000, 0x0000000706200000, 0x0000000706400000|  0%| F|  |TAMS 0x0000000706200000| PB 0x0000000706200000| Untracked 
|  48|0x0000000706400000, 0x0000000706400000, 0x0000000706600000|  0%| F|  |TAMS 0x0000000706400000| PB 0x0000000706400000| Untracked 
|  49|0x0000000706600000, 0x0000000706600000, 0x0000000706800000|  0%| F|  |TAMS 0x0000000706600000| PB 0x0000000706600000| Untracked 
|  50|0x0000000706800000, 0x0000000706800000, 0x0000000706a00000|  0%| F|  |TAMS 0x0000000706800000| PB 0x0000000706800000| Untracked 
|  51|0x0000000706a00000, 0x0000000706a00000, 0x0000000706c00000|  0%| F|  |TAMS 0x0000000706a00000| PB 0x0000000706a00000| Untracked 
|  52|0x0000000706c00000, 0x0000000706c00000, 0x0000000706e00000|  0%| F|  |TAMS 0x0000000706c00000| PB 0x0000000706c00000| Untracked 
|  53|0x0000000706e00000, 0x0000000706e00000, 0x0000000707000000|  0%| F|  |TAMS 0x0000000706e00000| PB 0x0000000706e00000| Untracked 
|  54|0x0000000707000000, 0x0000000707000000, 0x0000000707200000|  0%| F|  |TAMS 0x0000000707000000| PB 0x0000000707000000| Untracked 
|  55|0x0000000707200000, 0x0000000707200000, 0x0000000707400000|  0%| F|  |TAMS 0x0000000707200000| PB 0x0000000707200000| Untracked 
|  56|0x0000000707400000, 0x0000000707400000, 0x0000000707600000|  0%| F|  |TAMS 0x0000000707400000| PB 0x0000000707400000| Untracked 
|  57|0x0000000707600000, 0x0000000707600000, 0x0000000707800000|  0%| F|  |TAMS 0x0000000707600000| PB 0x0000000707600000| Untracked 
|  58|0x0000000707800000, 0x00000007078dccc0, 0x0000000707a00000| 43%| S|CS|TAMS 0x0000000707800000| PB 0x0000000707800000| Complete 
|  59|0x0000000707a00000, 0x0000000707c00000, 0x0000000707c00000|100%| S|CS|TAMS 0x0000000707a00000| PB 0x0000000707a00000| Complete 
|  60|0x0000000707c00000, 0x0000000707e00000, 0x0000000707e00000|100%| S|CS|TAMS 0x0000000707c00000| PB 0x0000000707c00000| Complete 
|  61|0x0000000707e00000, 0x0000000708000000, 0x0000000708000000|100%| S|CS|TAMS 0x0000000707e00000| PB 0x0000000707e00000| Complete 
|  62|0x0000000708000000, 0x0000000708200000, 0x0000000708200000|100%| S|CS|TAMS 0x0000000708000000| PB 0x0000000708000000| Complete 
|  63|0x0000000708200000, 0x0000000708200000, 0x0000000708400000|  0%| F|  |TAMS 0x0000000708200000| PB 0x0000000708200000| Untracked 
|  64|0x0000000708400000, 0x0000000708400000, 0x0000000708600000|  0%| F|  |TAMS 0x0000000708400000| PB 0x0000000708400000| Untracked 
|  65|0x0000000708600000, 0x0000000708600000, 0x0000000708800000|  0%| F|  |TAMS 0x0000000708600000| PB 0x0000000708600000| Untracked 
|  66|0x0000000708800000, 0x0000000708800000, 0x0000000708a00000|  0%| F|  |TAMS 0x0000000708800000| PB 0x0000000708800000| Untracked 
|  67|0x0000000708a00000, 0x0000000708a00000, 0x0000000708c00000|  0%| F|  |TAMS 0x0000000708a00000| PB 0x0000000708a00000| Untracked 
|  68|0x0000000708c00000, 0x0000000708c00000, 0x0000000708e00000|  0%| F|  |TAMS 0x0000000708c00000| PB 0x0000000708c00000| Untracked 
|  69|0x0000000708e00000, 0x0000000708e00000, 0x0000000709000000|  0%| F|  |TAMS 0x0000000708e00000| PB 0x0000000708e00000| Untracked 
|  70|0x0000000709000000, 0x0000000709000000, 0x0000000709200000|  0%| F|  |TAMS 0x0000000709000000| PB 0x0000000709000000| Untracked 
|  71|0x0000000709200000, 0x0000000709200000, 0x0000000709400000|  0%| F|  |TAMS 0x0000000709200000| PB 0x0000000709200000| Untracked 
|  72|0x0000000709400000, 0x0000000709400000, 0x0000000709600000|  0%| F|  |TAMS 0x0000000709400000| PB 0x0000000709400000| Untracked 
|  73|0x0000000709600000, 0x0000000709600000, 0x0000000709800000|  0%| F|  |TAMS 0x0000000709600000| PB 0x0000000709600000| Untracked 
|  74|0x0000000709800000, 0x0000000709800000, 0x0000000709a00000|  0%| F|  |TAMS 0x0000000709800000| PB 0x0000000709800000| Untracked 
|  75|0x0000000709a00000, 0x0000000709a00000, 0x0000000709c00000|  0%| F|  |TAMS 0x0000000709a00000| PB 0x0000000709a00000| Untracked 
|  76|0x0000000709c00000, 0x0000000709c00000, 0x0000000709e00000|  0%| F|  |TAMS 0x0000000709c00000| PB 0x0000000709c00000| Untracked 
|  77|0x0000000709e00000, 0x0000000709e00000, 0x000000070a000000|  0%| F|  |TAMS 0x0000000709e00000| PB 0x0000000709e00000| Untracked 
|  78|0x000000070a000000, 0x000000070a000000, 0x000000070a200000|  0%| F|  |TAMS 0x000000070a000000| PB 0x000000070a000000| Untracked 
|  79|0x000000070a200000, 0x000000070a200000, 0x000000070a400000|  0%| F|  |TAMS 0x000000070a200000| PB 0x000000070a200000| Untracked 
|  80|0x000000070a400000, 0x000000070a400000, 0x000000070a600000|  0%| F|  |TAMS 0x000000070a400000| PB 0x000000070a400000| Untracked 
|  81|0x000000070a600000, 0x000000070a600000, 0x000000070a800000|  0%| F|  |TAMS 0x000000070a600000| PB 0x000000070a600000| Untracked 
|  82|0x000000070a800000, 0x000000070a800000, 0x000000070aa00000|  0%| F|  |TAMS 0x000000070a800000| PB 0x000000070a800000| Untracked 
|  83|0x000000070aa00000, 0x000000070aa00000, 0x000000070ac00000|  0%| F|  |TAMS 0x000000070aa00000| PB 0x000000070aa00000| Untracked 
|  84|0x000000070ac00000, 0x000000070ac00000, 0x000000070ae00000|  0%| F|  |TAMS 0x000000070ac00000| PB 0x000000070ac00000| Untracked 
|  85|0x000000070ae00000, 0x000000070ae00000, 0x000000070b000000|  0%| F|  |TAMS 0x000000070ae00000| PB 0x000000070ae00000| Untracked 
|  86|0x000000070b000000, 0x000000070b000000, 0x000000070b200000|  0%| F|  |TAMS 0x000000070b000000| PB 0x000000070b000000| Untracked 
|  87|0x000000070b200000, 0x000000070b200000, 0x000000070b400000|  0%| F|  |TAMS 0x000000070b200000| PB 0x000000070b200000| Untracked 
|  88|0x000000070b400000, 0x000000070b400000, 0x000000070b600000|  0%| F|  |TAMS 0x000000070b400000| PB 0x000000070b400000| Untracked 
|  89|0x000000070b600000, 0x000000070b600000, 0x000000070b800000|  0%| F|  |TAMS 0x000000070b600000| PB 0x000000070b600000| Untracked 
|  90|0x000000070b800000, 0x000000070b800000, 0x000000070ba00000|  0%| F|  |TAMS 0x000000070b800000| PB 0x000000070b800000| Untracked 
|  91|0x000000070ba00000, 0x000000070ba00000, 0x000000070bc00000|  0%| F|  |TAMS 0x000000070ba00000| PB 0x000000070ba00000| Untracked 
|  92|0x000000070bc00000, 0x000000070bc00000, 0x000000070be00000|  0%| F|  |TAMS 0x000000070bc00000| PB 0x000000070bc00000| Untracked 
|  93|0x000000070be00000, 0x000000070be00000, 0x000000070c000000|  0%| F|  |TAMS 0x000000070be00000| PB 0x000000070be00000| Untracked 
|  94|0x000000070c000000, 0x000000070c000000, 0x000000070c200000|  0%| F|  |TAMS 0x000000070c000000| PB 0x000000070c000000| Untracked 
|  95|0x000000070c200000, 0x000000070c200000, 0x000000070c400000|  0%| F|  |TAMS 0x000000070c200000| PB 0x000000070c200000| Untracked 
|  96|0x000000070c400000, 0x000000070c400000, 0x000000070c600000|  0%| F|  |TAMS 0x000000070c400000| PB 0x000000070c400000| Untracked 
|  97|0x000000070c600000, 0x000000070c600000, 0x000000070c800000|  0%| F|  |TAMS 0x000000070c600000| PB 0x000000070c600000| Untracked 
|  98|0x000000070c800000, 0x000000070c800000, 0x000000070ca00000|  0%| F|  |TAMS 0x000000070c800000| PB 0x000000070c800000| Untracked 
|  99|0x000000070ca00000, 0x000000070ca00000, 0x000000070cc00000|  0%| F|  |TAMS 0x000000070ca00000| PB 0x000000070ca00000| Untracked 
| 100|0x000000070cc00000, 0x000000070cc00000, 0x000000070ce00000|  0%| F|  |TAMS 0x000000070cc00000| PB 0x000000070cc00000| Untracked 
| 101|0x000000070ce00000, 0x000000070ce00000, 0x000000070d000000|  0%| F|  |TAMS 0x000000070ce00000| PB 0x000000070ce00000| Untracked 
| 102|0x000000070d000000, 0x000000070d000000, 0x000000070d200000|  0%| F|  |TAMS 0x000000070d000000| PB 0x000000070d000000| Untracked 
| 103|0x000000070d200000, 0x000000070d200000, 0x000000070d400000|  0%| F|  |TAMS 0x000000070d200000| PB 0x000000070d200000| Untracked 
| 104|0x000000070d400000, 0x000000070d400000, 0x000000070d600000|  0%| F|  |TAMS 0x000000070d400000| PB 0x000000070d400000| Untracked 
| 105|0x000000070d600000, 0x000000070d600000, 0x000000070d800000|  0%| F|  |TAMS 0x000000070d600000| PB 0x000000070d600000| Untracked 
| 106|0x000000070d800000, 0x000000070d800000, 0x000000070da00000|  0%| F|  |TAMS 0x000000070d800000| PB 0x000000070d800000| Untracked 
| 107|0x000000070da00000, 0x000000070da00000, 0x000000070dc00000|  0%| F|  |TAMS 0x000000070da00000| PB 0x000000070da00000| Untracked 
| 108|0x000000070dc00000, 0x000000070dc00000, 0x000000070de00000|  0%| F|  |TAMS 0x000000070dc00000| PB 0x000000070dc00000| Untracked 
| 109|0x000000070de00000, 0x000000070de00000, 0x000000070e000000|  0%| F|  |TAMS 0x000000070de00000| PB 0x000000070de00000| Untracked 
| 110|0x000000070e000000, 0x000000070e000000, 0x000000070e200000|  0%| F|  |TAMS 0x000000070e000000| PB 0x000000070e000000| Untracked 
| 111|0x000000070e200000, 0x000000070e200000, 0x000000070e400000|  0%| F|  |TAMS 0x000000070e200000| PB 0x000000070e200000| Untracked 
| 112|0x000000070e400000, 0x000000070e400000, 0x000000070e600000|  0%| F|  |TAMS 0x000000070e400000| PB 0x000000070e400000| Untracked 
| 113|0x000000070e600000, 0x000000070e600000, 0x000000070e800000|  0%| F|  |TAMS 0x000000070e600000| PB 0x000000070e600000| Untracked 
| 114|0x000000070e800000, 0x000000070e800000, 0x000000070ea00000|  0%| F|  |TAMS 0x000000070e800000| PB 0x000000070e800000| Untracked 
| 115|0x000000070ea00000, 0x000000070ea00000, 0x000000070ec00000|  0%| F|  |TAMS 0x000000070ea00000| PB 0x000000070ea00000| Untracked 
| 116|0x000000070ec00000, 0x000000070ec00000, 0x000000070ee00000|  0%| F|  |TAMS 0x000000070ec00000| PB 0x000000070ec00000| Untracked 
| 117|0x000000070ee00000, 0x000000070ee00000, 0x000000070f000000|  0%| F|  |TAMS 0x000000070ee00000| PB 0x000000070ee00000| Untracked 
| 118|0x000000070f000000, 0x000000070f000000, 0x000000070f200000|  0%| F|  |TAMS 0x000000070f000000| PB 0x000000070f000000| Untracked 
| 119|0x000000070f200000, 0x000000070f200000, 0x000000070f400000|  0%| F|  |TAMS 0x000000070f200000| PB 0x000000070f200000| Untracked 
| 120|0x000000070f400000, 0x000000070f400000, 0x000000070f600000|  0%| F|  |TAMS 0x000000070f400000| PB 0x000000070f400000| Untracked 
| 121|0x000000070f600000, 0x000000070f600000, 0x000000070f800000|  0%| F|  |TAMS 0x000000070f600000| PB 0x000000070f600000| Untracked 
| 122|0x000000070f800000, 0x000000070f800000, 0x000000070fa00000|  0%| F|  |TAMS 0x000000070f800000| PB 0x000000070f800000| Untracked 
| 123|0x000000070fa00000, 0x000000070fa00000, 0x000000070fc00000|  0%| F|  |TAMS 0x000000070fa00000| PB 0x000000070fa00000| Untracked 
| 124|0x000000070fc00000, 0x000000070fc00000, 0x000000070fe00000|  0%| F|  |TAMS 0x000000070fc00000| PB 0x000000070fc00000| Untracked 
| 125|0x000000070fe00000, 0x000000070fe00000, 0x0000000710000000|  0%| F|  |TAMS 0x000000070fe00000| PB 0x000000070fe00000| Untracked 
| 126|0x0000000710000000, 0x0000000710000800, 0x0000000710200000|  0%| E|  |TAMS 0x0000000710000000| PB 0x0000000710000000| Complete 
| 127|0x0000000710200000, 0x0000000710400000, 0x0000000710400000|100%| E|CS|TAMS 0x0000000710200000| PB 0x0000000710200000| Complete 

Card table byte_map: [0x000001f27f770000,0x000001f27ff70000] _byte_map_base: 0x000001f27bf6e000

Marking Bits: (CMBitMap*) 0x000001f267b77800
 Bits: [0x000001f200000000, 0x000001f203ff0000)

Polling page: 0x000001f265b20000

Metaspace:

Usage:
  Non-class:     16.52 MB used.
      Class:      2.32 MB used.
       Both:     18.84 MB used.

Virtual space:
  Non-class space:       64.00 MB reserved,      16.75 MB ( 26%) committed,  1 nodes.
      Class space:        1.00 GB reserved,       2.50 MB ( <1%) committed,  1 nodes.
             Both:        1.06 GB reserved,      19.25 MB (  2%) committed. 

Chunk freelists:
   Non-Class:  14.36 MB
       Class:  13.54 MB
        Both:  27.90 MB

MaxMetaspaceSize: unlimited
CompressedClassSpaceSize: 1.00 GB
Initial GC threshold: 21.00 MB
Current GC threshold: 21.00 MB
CDS: on
 - commit_granule_bytes: 65536.
 - commit_granule_words: 8192.
 - virtual_space_node_default_size: 8388608.
 - enlarge_chunks_in_place: 1.
 - use_allocation_guard: 0.


Internal statistics:

num_allocs_failed_limit: 0.
num_arena_births: 428.
num_arena_deaths: 0.
num_vsnodes_births: 2.
num_vsnodes_deaths: 0.
num_space_committed: 308.
num_space_uncommitted: 0.
num_chunks_returned_to_freelist: 0.
num_chunks_taken_from_freelist: 1017.
num_chunk_merges: 0.
num_chunk_splits: 675.
num_chunks_enlarged: 466.
num_inconsistent_stats: 0.

CodeHeap 'non-profiled nmethods': size=120000Kb used=2923Kb max_used=2923Kb free=117076Kb
 bounds [0x000001f277a40000, 0x000001f277d20000, 0x000001f27ef70000]
CodeHeap 'profiled nmethods': size=120000Kb used=9319Kb max_used=9319Kb free=110680Kb
 bounds [0x000001f26ff70000, 0x000001f270890000, 0x000001f2774a0000]
CodeHeap 'non-nmethods': size=5760Kb used=1892Kb max_used=1934Kb free=3867Kb
 bounds [0x000001f2774a0000, 0x000001f277710000, 0x000001f277a40000]
 total_blobs=5595 nmethods=4710 adapters=789
 compilation: enabled
              stopped_count=0, restarted_count=0
 full_count=0

Compilation events (20 events):
Event: 197.456 Thread 0x000001f2064cb150 nmethod 4703 0x000001f270884910 code [0x000001f270884aa0, 0x000001f270884bd0]
Event: 197.456 Thread 0x000001f2064cb150 4700   !   3       java.lang.ref.ReferenceQueue::enqueue (32 bytes)
Event: 197.456 Thread 0x000001f2064bf9a0 4704       4       jdk.internal.misc.Unsafe::checkNativeAddress (28 bytes)
Event: 197.456 Thread 0x000001f2064cb150 nmethod 4700 0x000001f270884c90 code [0x000001f270884ee0, 0x000001f270885868]
Event: 197.456 Thread 0x000001f2064bf9a0 nmethod 4704 0x000001f277d1a610 code [0x000001f277d1a7a0, 0x000001f277d1a828]
Event: 197.456 Thread 0x000001f2064bf9a0 4705       4       java.util.concurrent.atomic.AtomicLong::decrementAndGet (16 bytes)
Event: 197.456 Thread 0x000001f2064cb150 4706   !   3       java.lang.ref.NativeReferenceQueue::enqueue (20 bytes)
Event: 197.457 Thread 0x000001f2064bf9a0 nmethod 4705 0x000001f277d1a910 code [0x000001f277d1aaa0, 0x000001f277d1ab38]
Event: 197.457 Thread 0x000001f2064cb150 nmethod 4706 0x000001f270885c10 code [0x000001f270885dc0, 0x000001f270885ff8]
Event: 197.457 Thread 0x000001f2064cb150 4707       3       java.lang.ref.NativeReferenceQueue::signal (8 bytes)
Event: 197.457 Thread 0x000001f2064cb150 nmethod 4707 0x000001f270886110 code [0x000001f2708862c0, 0x000001f270886408]
Event: 197.457 Thread 0x000001f2064cb150 4708       3       java.lang.ref.ReferenceQueue::signal (10 bytes)
Event: 197.457 Thread 0x000001f2064cb150 nmethod 4708 0x000001f270886510 code [0x000001f270886700, 0x000001f270886b20]
Event: 197.457 Thread 0x000001f2064cb150 4709       3       java.util.concurrent.locks.AbstractQueuedSynchronizer$ConditionObject::signalAll (34 bytes)
Event: 197.457 Thread 0x000001f2064cb150 nmethod 4709 0x000001f270886c90 code [0x000001f270886e60, 0x000001f2708871c8]
Event: 197.463 Thread 0x000001f2064bf9a0 4710       4       java.util.concurrent.ConcurrentHashMap::addCount (280 bytes)
Event: 197.463 Thread 0x000001f2064cb150 4711   !   3       java.util.concurrent.ConcurrentHashMap::replaceNode (437 bytes)
Event: 197.465 Thread 0x000001f2064cb150 nmethod 4711 0x000001f270887310 code [0x000001f270887680, 0x000001f270888fd8]
Event: 197.465 Thread 0x000001f2064cb150 4712       1       java.lang.invoke.MethodHandle::isInvokeSpecial (2 bytes)
Event: 197.465 Thread 0x000001f2064cb150 nmethod 4712 0x000001f277d1ac10 code [0x000001f277d1ada0, 0x000001f277d1ae68]

GC Heap History (6 events):
Event: 0.563 GC heap before
{Heap before GC invocations=0 (full 0):
 garbage-first heap   total 262144K, used 10240K [0x0000000700400000, 0x0000000800000000)
  region size 2048K, 6 young (12288K), 0 survivors (0K)
 Metaspace       used 2202K, committed 2368K, reserved 1114112K
  class space    used 225K, committed 320K, reserved 1048576K
}
Event: 0.569 GC heap after
{Heap after GC invocations=1 (full 0):
 garbage-first heap   total 262144K, used 1877K [0x0000000700400000, 0x0000000800000000)
  region size 2048K, 1 young (2048K), 1 survivors (2048K)
 Metaspace       used 2202K, committed 2368K, reserved 1114112K
  class space    used 225K, committed 320K, reserved 1048576K
}
Event: 1.129 GC heap before
{Heap before GC invocations=1 (full 0):
 garbage-first heap   total 262144K, used 16213K [0x0000000700400000, 0x0000000800000000)
  region size 2048K, 9 young (18432K), 1 survivors (2048K)
 Metaspace       used 6592K, committed 6784K, reserved 1114112K
  class space    used 825K, committed 896K, reserved 1048576K
}
Event: 1.135 GC heap after
{Heap after GC invocations=2 (full 0):
 garbage-first heap   total 262144K, used 4096K [0x0000000700400000, 0x0000000800000000)
  region size 2048K, 2 young (4096K), 2 survivors (4096K)
 Metaspace       used 6592K, committed 6784K, reserved 1114112K
  class space    used 825K, committed 896K, reserved 1048576K
}
Event: 197.437 GC heap before
{Heap before GC invocations=2 (full 0):
 garbage-first heap   total 262144K, used 174080K [0x0000000700400000, 0x0000000800000000)
  region size 2048K, 65 young (133120K), 2 survivors (4096K)
 Metaspace       used 19284K, committed 19712K, reserved 1114112K
  class space    used 2377K, committed 2560K, reserved 1048576K
}
Event: 197.452 GC heap after
{Heap after GC invocations=3 (full 0):
 garbage-first heap   total 262144K, used 43891K [0x0000000700400000, 0x0000000800000000)
  region size 2048K, 5 young (10240K), 5 survivors (10240K)
 Metaspace       used 19284K, committed 19712K, reserved 1114112K
  class space    used 2377K, committed 2560K, reserved 1048576K
}

Dll operation events (20 events):
Event: 0.515 Loaded shared library C:\javafx-sdk-21.0.1\bin\api-ms-win-crt-multibyte-l1-1-0.dll
Event: 0.516 Loaded shared library C:\javafx-sdk-21.0.1\bin\api-ms-win-crt-private-l1-1-0.dll
Event: 0.517 Loaded shared library C:\javafx-sdk-21.0.1\bin\api-ms-win-crt-process-l1-1-0.dll
Event: 0.520 Loaded shared library C:\javafx-sdk-21.0.1\bin\api-ms-win-crt-runtime-l1-1-0.dll
Event: 0.521 Loaded shared library C:\javafx-sdk-21.0.1\bin\api-ms-win-crt-stdio-l1-1-0.dll
Event: 0.523 Loaded shared library C:\javafx-sdk-21.0.1\bin\api-ms-win-crt-string-l1-1-0.dll
Event: 0.524 Loaded shared library C:\javafx-sdk-21.0.1\bin\api-ms-win-crt-time-l1-1-0.dll
Event: 0.525 Loaded shared library C:\javafx-sdk-21.0.1\bin\api-ms-win-crt-utility-l1-1-0.dll
Event: 0.531 Loaded shared library C:\javafx-sdk-21.0.1\bin\ucrtbase.dll
Event: 0.533 Loaded shared library C:\javafx-sdk-21.0.1\bin\vcruntime140.dll
Event: 0.535 Loaded shared library C:\javafx-sdk-21.0.1\bin\vcruntime140_1.dll
Event: 0.537 Loaded shared library C:\javafx-sdk-21.0.1\bin\msvcp140.dll
Event: 0.539 Loaded shared library C:\javafx-sdk-21.0.1\bin\msvcp140_1.dll
Event: 0.540 Loaded shared library C:\javafx-sdk-21.0.1\bin\msvcp140_2.dll
Event: 0.599 Loaded shared library C:\javafx-sdk-21.0.1\bin\prism_d3d.dll
Event: 0.697 Loaded shared library C:\javafx-sdk-21.0.1\bin\glass.dll
Event: 1.020 Loaded shared library C:\Users\zayca\.jdks\openjdk-21.0.1\bin\jimage.dll
Event: 1.081 Loaded shared library C:\javafx-sdk-21.0.1\bin\javafx_font.dll
Event: 8.398 Loaded shared library C:\Users\zayca\.jdks\openjdk-21.0.1\bin\awt.dll
Event: 8.423 Loaded shared library C:\Users\zayca\.jdks\openjdk-21.0.1\bin\javajpeg.dll

Deoptimization events (20 events):
Event: 190.976 Thread 0x000001f24cb614e0 Uncommon trap: trap_request=0xffffff76 fr.pc=0x000001f277c36688 relative=0x00000000000001c8
Event: 190.976 Thread 0x000001f24cb614e0 Uncommon trap: reason=predicate action=maybe_recompile pc=0x000001f277c36688 method=java.util.ArrayList.remove(Ljava/lang/Object;)Z @ 42 c2
Event: 190.976 Thread 0x000001f24cb614e0 DEOPT PACKING pc=0x000001f277c36688 sp=0x0000001b900f9390
Event: 190.976 Thread 0x000001f24cb614e0 DEOPT UNPACKING pc=0x000001f2774f46a2 sp=0x0000001b900f9340 mode 2
Event: 190.976 Thread 0x000001f24cb614e0 Uncommon trap: trap_request=0xffffffc6 fr.pc=0x000001f277c32c8c relative=0x000000000000014c
Event: 190.976 Thread 0x000001f24cb614e0 Uncommon trap: reason=bimorphic_or_optimized_type_check action=maybe_recompile pc=0x000001f277c32c8c method=com.sun.javafx.event.EventRedirector.dispatchCapturingEvent(Ljavafx/event/Event;)Ljavafx/event/Event; @ 1 c2
Event: 190.976 Thread 0x000001f24cb614e0 DEOPT PACKING pc=0x000001f277c32c8c sp=0x0000001b900f93a0
Event: 190.976 Thread 0x000001f24cb614e0 DEOPT UNPACKING pc=0x000001f2774f46a2 sp=0x0000001b900f9348 mode 2
Event: 190.976 Thread 0x000001f24cb614e0 Uncommon trap: trap_request=0xffffffc6 fr.pc=0x000001f277bbe238 relative=0x0000000000000658
Event: 190.976 Thread 0x000001f24cb614e0 Uncommon trap: reason=bimorphic_or_optimized_type_check action=maybe_recompile pc=0x000001f277bbe238 method=com.sun.javafx.event.EventHandlerManager.dispatchCapturingEvent(Ljavafx/event/Event;)Ljavafx/event/Event; @ 1 c2
Event: 190.976 Thread 0x000001f24cb614e0 DEOPT PACKING pc=0x000001f277bbe238 sp=0x0000001b900f93a0
Event: 190.976 Thread 0x000001f24cb614e0 DEOPT UNPACKING pc=0x000001f2774f46a2 sp=0x0000001b900f9348 mode 2
Event: 190.976 Thread 0x000001f24cb614e0 Uncommon trap: trap_request=0xffffffc6 fr.pc=0x000001f277bc8830 relative=0x00000000000006d0
Event: 190.976 Thread 0x000001f24cb614e0 Uncommon trap: reason=bimorphic_or_optimized_type_check action=maybe_recompile pc=0x000001f277bc8830 method=com.sun.javafx.event.EventHandlerManager.dispatchBubblingEvent(Ljavafx/event/Event;)Ljavafx/event/Event; @ 1 c2
Event: 190.976 Thread 0x000001f24cb614e0 DEOPT PACKING pc=0x000001f277bc8830 sp=0x0000001b900f93a0
Event: 190.976 Thread 0x000001f24cb614e0 DEOPT UNPACKING pc=0x000001f2774f46a2 sp=0x0000001b900f9358 mode 2
Event: 190.976 Thread 0x000001f24cb614e0 Uncommon trap: trap_request=0xffffffc6 fr.pc=0x000001f277ccbfd0 relative=0x00000000000000b0
Event: 190.976 Thread 0x000001f24cb614e0 Uncommon trap: reason=bimorphic_or_optimized_type_check action=maybe_recompile pc=0x000001f277ccbfd0 method=com.sun.javafx.stage.WindowCloseRequestHandler.dispatchBubblingEvent(Ljavafx/event/Event;)Ljavafx/event/Event; @ 1 c2
Event: 190.976 Thread 0x000001f24cb614e0 DEOPT PACKING pc=0x000001f277ccbfd0 sp=0x0000001b900f93d0
Event: 190.976 Thread 0x000001f24cb614e0 DEOPT UNPACKING pc=0x000001f2774f46a2 sp=0x0000001b900f9360 mode 2

Classes loaded (20 events):
Event: 8.515 Loading class sun/java2d/loops/DrawGlyphListColor$General
Event: 8.515 Loading class sun/java2d/loops/DrawGlyphListColor$General done
Event: 8.515 Loading class sun/java2d/loops/Blit$GeneralMaskBlit
Event: 8.515 Loading class sun/java2d/loops/Blit$GeneralMaskBlit done
Event: 8.515 Loading class sun/awt/image/BufferedImageGraphicsConfig
Event: 8.515 Loading class java/awt/GraphicsConfiguration
Event: 8.515 Loading class java/awt/GraphicsConfiguration done
Event: 8.515 Loading class sun/awt/image/BufferedImageGraphicsConfig done
Event: 8.516 Loading class sun/awt/image/BufferedImageDevice
Event: 8.516 Loading class java/awt/GraphicsDevice
Event: 8.516 Loading class java/awt/GraphicsDevice done
Event: 8.516 Loading class sun/awt/image/BufferedImageDevice done
Event: 8.516 Loading class java/awt/image/MultiResolutionImage
Event: 8.516 Loading class java/awt/image/MultiResolutionImage done
Event: 8.516 Loading class sun/awt/image/ToolkitImage
Event: 8.516 Loading class sun/awt/image/ToolkitImage done
Event: 88.374 Loading class java/lang/foreign/MemorySegment
Event: 88.375 Loading class java/lang/foreign/MemorySegment done
Event: 197.436 Loading class jdk/internal/misc/Signal$1
Event: 197.436 Loading class jdk/internal/misc/Signal$1 done

Classes unloaded (0 events):
No events

Classes redefined (0 events):
No events

Internal exceptions (20 events):
Event: 1.438 Thread 0x000001f24cb614e0 Exception <a 'java/lang/NoSuchMethodError'{0x000000070fbfa758}: 'void java.lang.invoke.DelegatingMethodHandle$Holder.delegate(java.lang.Object, java.lang.Object, int, java.lang.Object)'> (0x000000070fbfa758) 
thrown [s\open\src\hotspot\share\interpreter\linkResolver.cpp, line 773]
Event: 1.590 Thread 0x000001f24cb614e0 Exception <a 'java/io/FileNotFoundException'{0x000000070f7ab5f0}> (0x000000070f7ab5f0) 
thrown [s\open\src\hotspot\share\prims\jni.cpp, line 520]
Event: 1.630 Thread 0x000001f24cb614e0 Exception <a 'java/io/FileNotFoundException'{0x000000070f5faab8}> (0x000000070f5faab8) 
thrown [s\open\src\hotspot\share\prims\jni.cpp, line 520]
Event: 1.888 Thread 0x000001f24cb614e0 Exception <a 'java/lang/NoSuchMethodError'{0x000000070e70fde8}: 'java.lang.Object java.lang.invoke.DirectMethodHandle$Holder.invokeInterface(java.lang.Object, java.lang.Object, java.lang.Object)'> (0x000000070e70fde8) 
thrown [s\open\src\hotspot\share\interpreter\linkResolver.cpp, line 773]
Event: 1.888 Thread 0x000001f24cb614e0 Exception <a 'java/lang/IncompatibleClassChangeError'{0x000000070e713490}: Found class java.lang.Object, but interface was expected> (0x000000070e713490) 
thrown [s\open\src\hotspot\share\interpreter\linkResolver.cpp, line 840]
Event: 2.044 Thread 0x000001f24cb614e0 Exception <a 'java/lang/NoSuchMethodError'{0x000000070e3340c8}: 'int java.lang.invoke.DirectMethodHandle$Holder.invokeSpecial(java.lang.Object, java.lang.Object, int)'> (0x000000070e3340c8) 
thrown [s\open\src\hotspot\share\interpreter\linkResolver.cpp, line 773]
Event: 2.080 Thread 0x000001f24cb614e0 Exception <a 'java/lang/NoSuchMethodError'{0x000000070e3c5970}: 'java.lang.Object java.lang.invoke.DirectMethodHandle$Holder.newInvokeSpecial(java.lang.Object, java.lang.Object, int)'> (0x000000070e3c5970) 
thrown [s\open\src\hotspot\share\interpreter\linkResolver.cpp, line 773]
Event: 2.136 Thread 0x000001f24cb66b40 Exception <a 'java/lang/NoSuchMethodError'{0x000000070e1118e0}: 'int java.lang.invoke.DirectMethodHandle$Holder.invokeStaticInit(java.lang.Object, java.lang.Object)'> (0x000000070e1118e0) 
thrown [s\open\src\hotspot\share\interpreter\linkResolver.cpp, line 773]
Event: 2.254 Thread 0x000001f24cb66b40 Exception <a 'java/lang/NoSuchMethodError'{0x000000070ddb8170}: 'java.lang.Object java.lang.invoke.DirectMethodHandle$Holder.invokeStaticInit(java.lang.Object, int)'> (0x000000070ddb8170) 
thrown [s\open\src\hotspot\share\interpreter\linkResolver.cpp, line 773]
Event: 4.375 Thread 0x000001f24cb614e0 Exception <a 'java/lang/NoSuchMethodError'{0x000000070d8d57c8}: 'long java.lang.invoke.DirectMethodHandle$Holder.invokeStatic(java.lang.Object, java.lang.Object, java.lang.Object)'> (0x000000070d8d57c8) 
thrown [s\open\src\hotspot\share\interpreter\linkResolver.cpp, line 773]
Event: 4.376 Thread 0x000001f24cb614e0 Exception <a 'java/lang/NoSuchMethodError'{0x000000070d8d8e48}: 'long java.lang.invoke.DirectMethodHandle$Holder.invokeStaticInit(java.lang.Object, java.lang.Object, java.lang.Object)'> (0x000000070d8d8e48) 
thrown [s\open\src\hotspot\share\interpreter\linkResolver.cpp, line 773]
Event: 4.378 Thread 0x000001f24cb614e0 Exception <a 'java/lang/NoSuchMethodError'{0x000000070d8ed968}: 'java.lang.Object java.lang.invoke.DirectMethodHandle$Holder.newInvokeSpecial(java.lang.Object, java.lang.Object, long)'> (0x000000070d8ed968) 
thrown [s\open\src\hotspot\share\interpreter\linkResolver.cpp, line 773]
Event: 4.379 Thread 0x000001f24cb614e0 Exception <a 'java/lang/NoSuchMethodError'{0x000000070d8f1260}: 'java.lang.Object java.lang.invoke.Invokers$Holder.linkToTargetMethod(java.lang.Object, long, java.lang.Object)'> (0x000000070d8f1260) 
thrown [s\open\src\hotspot\share\interpreter\linkResolver.cpp, line 773]
Event: 8.390 Thread 0x000001f24cb614e0 Implicit null exception at 0x000001f277b287a5 to 0x000001f277b2885c
Event: 8.393 Thread 0x000001f24cb614e0 Exception <a 'java/lang/ClassNotFoundException'{0x000000070d97ab78}: sun/awt/resources/spi/awtProvider> (0x000000070d97ab78) 
thrown [s\open\src\hotspot\share\classfile\systemDictionary.cpp, line 312]
Event: 8.399 Thread 0x000001f24cb614e0 Exception <a 'java/io/FileNotFoundException'{0x000000070d97e198}> (0x000000070d97e198) 
thrown [s\open\src\hotspot\share\prims\jni.cpp, line 520]
Event: 8.400 Thread 0x000001f24cb614e0 Exception <a 'java/io/FileNotFoundException'{0x000000070d97fd98}> (0x000000070d97fd98) 
thrown [s\open\src\hotspot\share\prims\jni.cpp, line 520]
Event: 9.563 Thread 0x000001f24cb614e0 Exception <a 'java/lang/NoSuchMethodError'{0x000000070d454380}: 'java.lang.Object java.lang.invoke.DirectMethodHandle$Holder.newInvokeSpecial(java.lang.Object, java.lang.Object, int, int, int, int, int, java.lang.Object)'> (0x000000070d454380) 
thrown [s\open\src\hotspot\share\interpreter\linkResolver.cpp, line 773]
Event: 9.564 Thread 0x000001f24cb614e0 Exception <a 'java/lang/NoSuchMethodError'{0x000000070d466240}: 'java.lang.Object java.lang.invoke.DirectMethodHandle$Holder.newInvokeSpecial(java.lang.Object, java.lang.Object, java.lang.Object, int, int, int, int, int)'> (0x000000070d466240) 
thrown [s\open\src\hotspot\share\interpreter\linkResolver.cpp, line 773]
Event: 9.565 Thread 0x000001f24cb614e0 Exception <a 'java/lang/NoSuchMethodError'{0x000000070d46da70}: 'java.lang.Object java.lang.invoke.Invokers$Holder.linkToTargetMethod(java.lang.Object, java.lang.Object, int, int, int, int, int, java.lang.Object)'> (0x000000070d46da70) 
thrown [s\open\src\hotspot\share\interpreter\linkResolver.cpp, line 773]

ZGC Phase Switch (0 events):
No events

VM Operations (20 events):
Event: 121.143 Executing VM operation: Cleanup done
Event: 180.174 Executing VM operation: HandshakeAllThreads (HandshakeForDeflation)
Event: 180.174 Executing VM operation: HandshakeAllThreads (HandshakeForDeflation) done
Event: 180.174 Executing VM operation: RendezvousGCThreads
Event: 180.174 Executing VM operation: RendezvousGCThreads done
Event: 183.175 Executing VM operation: Cleanup
Event: 183.175 Executing VM operation: Cleanup done
Event: 184.176 Executing VM operation: Cleanup
Event: 184.176 Executing VM operation: Cleanup done
Event: 185.176 Executing VM operation: Cleanup
Event: 185.176 Executing VM operation: Cleanup done
Event: 186.176 Executing VM operation: Cleanup
Event: 186.176 Executing VM operation: Cleanup done
Event: 188.177 Executing VM operation: Cleanup
Event: 188.177 Executing VM operation: Cleanup done
Event: 191.178 Executing VM operation: Cleanup
Event: 191.178 Executing VM operation: Cleanup done
Event: 197.437 Executing VM operation: G1CollectForAllocation (G1 Evacuation Pause)
Event: 197.452 Executing VM operation: G1CollectForAllocation (G1 Evacuation Pause) done
Event: 197.465 Executing VM operation: Exit

Events (20 events):
Event: 0.195 Thread 0x000001f2067a5480 Thread added: 0x000001f2067a5480
Event: 0.361 Thread 0x000001f24c321d30 Thread added: 0x000001f24c321d30
Event: 0.362 Thread 0x000001f24c667bb0 Thread added: 0x000001f24c667bb0
Event: 0.590 Thread 0x000001f24cb66b40 Thread added: 0x000001f24cb66b40
Event: 0.700 Thread 0x000001f24c6d1290 Thread added: 0x000001f24c6d1290
Event: 0.704 Thread 0x000001f24cb614e0 Thread added: 0x000001f24cb614e0
Event: 0.873 Thread 0x000001f2067a5480 Thread exited: 0x000001f2067a5480
Event: 0.917 Thread 0x000001f24d119f20 Thread added: 0x000001f24d119f20
Event: 0.917 Thread 0x000001f24d0fe920 Thread added: 0x000001f24d0fe920
Event: 1.040 Thread 0x000001f24cd71730 Thread added: 0x000001f24cd71730
Event: 1.878 Thread 0x000001f24d526ed0 Thread added: 0x000001f24d526ed0
Event: 2.173 Thread 0x000001f24cd71730 Thread exited: 0x000001f24cd71730
Event: 2.192 Thread 0x000001f24d525490 Thread added: 0x000001f24d525490
Event: 8.418 Thread 0x000001f24d526840 Thread added: 0x000001f24d526840
Event: 10.177 Thread 0x000001f24d370040 Thread added: 0x000001f24d370040
Event: 10.358 Thread 0x000001f24d370040 Thread exited: 0x000001f24d370040
Event: 197.436 Thread 0x000001f24d527560 Thread added: 0x000001f24d527560
Event: 197.453 Thread 0x000001f24d527bf0 Thread added: 0x000001f24d527bf0
Event: 197.453 Thread 0x000001f24d525b20 Thread added: 0x000001f24d525b20
Event: 197.464 Thread 0x000001f24d525b20 Thread exited: 0x000001f24d525b20


Dynamic libraries:
0x00007ff6a5130000 - 0x00007ff6a513e000 	C:\Users\zayca\.jdks\openjdk-21.0.1\bin\java.exe
0x00007ffb94b30000 - 0x00007ffb94d28000 	C:\Windows\SYSTEM32\ntdll.dll
0x00007ffb944b0000 - 0x00007ffb9456d000 	C:\Windows\System32\KERNEL32.DLL
0x00007ffb923b0000 - 0x00007ffb926a6000 	C:\Windows\System32\KERNELBASE.dll
0x00007ffb926e0000 - 0x00007ffb927e0000 	C:\Windows\System32\ucrtbase.dll
0x00007ffb8b2b0000 - 0x00007ffb8b2c8000 	C:\Users\zayca\.jdks\openjdk-21.0.1\bin\jli.dll
0x00007ffb8b290000 - 0x00007ffb8b2ab000 	C:\Users\zayca\.jdks\openjdk-21.0.1\bin\VCRUNTIME140.dll
0x00007ffb93940000 - 0x00007ffb93ade000 	C:\Windows\System32\USER32.dll
0x00007ffb926b0000 - 0x00007ffb926d2000 	C:\Windows\System32\win32u.dll
0x00007ffb93d40000 - 0x00007ffb93d6c000 	C:\Windows\System32\GDI32.dll
0x00007ffb92a70000 - 0x00007ffb92b8a000 	C:\Windows\System32\gdi32full.dll
0x00007ffb92210000 - 0x00007ffb922ad000 	C:\Windows\System32\msvcp_win.dll
0x00007ffb7ed60000 - 0x00007ffb7effa000 	C:\Windows\WinSxS\amd64_microsoft.windows.common-controls_6595b64144ccf1df_6.0.19041.3636_none_60b6a03d71f818d5\COMCTL32.dll
0x00007ffb93120000 - 0x00007ffb931be000 	C:\Windows\System32\msvcrt.dll
0x00007ffb93910000 - 0x00007ffb93940000 	C:\Windows\System32\IMM32.DLL
0x00007ffb8f9e0000 - 0x00007ffb8f9ec000 	C:\Users\zayca\.jdks\openjdk-21.0.1\bin\vcruntime140_1.dll
0x00007ffb87e50000 - 0x00007ffb87ede000 	C:\Users\zayca\.jdks\openjdk-21.0.1\bin\msvcp140.dll
0x00007ffb38cf0000 - 0x00007ffb39a05000 	C:\Users\zayca\.jdks\openjdk-21.0.1\bin\server\jvm.dll
0x00007ffb94a40000 - 0x00007ffb94aef000 	C:\Windows\System32\ADVAPI32.dll
0x00007ffb93b90000 - 0x00007ffb93c2c000 	C:\Windows\System32\sechost.dll
0x00007ffb92dc0000 - 0x00007ffb92ee6000 	C:\Windows\System32\RPCRT4.dll
0x00007ffb940f0000 - 0x00007ffb9415b000 	C:\Windows\System32\WS2_32.dll
0x00007ffb917c0000 - 0x00007ffb9180b000 	C:\Windows\SYSTEM32\POWRPROF.dll
0x00007ffb88d30000 - 0x00007ffb88d57000 	C:\Windows\SYSTEM32\WINMM.dll
0x00007ffb8bd00000 - 0x00007ffb8bd0a000 	C:\Windows\SYSTEM32\VERSION.dll
0x00007ffb91630000 - 0x00007ffb91642000 	C:\Windows\SYSTEM32\UMPDC.dll
0x00007ffb900f0000 - 0x00007ffb90102000 	C:\Windows\SYSTEM32\kernel.appcore.dll
0x00007ffb8f9a0000 - 0x00007ffb8f9aa000 	C:\Users\zayca\.jdks\openjdk-21.0.1\bin\jimage.dll
0x00007ffb86ca0000 - 0x00007ffb86e84000 	C:\Windows\SYSTEM32\DBGHELP.DLL
0x00007ffb86330000 - 0x00007ffb86364000 	C:\Windows\SYSTEM32\dbgcore.DLL
0x00007ffb922b0000 - 0x00007ffb92332000 	C:\Windows\System32\bcryptPrimitives.dll
0x00007ffb8da60000 - 0x00007ffb8da6f000 	C:\Users\zayca\.jdks\openjdk-21.0.1\bin\instrument.dll
0x00007ffb87e00000 - 0x00007ffb87e1f000 	C:\Users\zayca\.jdks\openjdk-21.0.1\bin\java.dll
0x00007ffb931c0000 - 0x00007ffb93904000 	C:\Windows\System32\SHELL32.dll
0x00007ffb902f0000 - 0x00007ffb90a8b000 	C:\Windows\SYSTEM32\windows.storage.dll
0x00007ffb93d80000 - 0x00007ffb940d4000 	C:\Windows\System32\combase.dll
0x00007ffb91c50000 - 0x00007ffb91c7d000 	C:\Windows\SYSTEM32\Wldp.dll
0x00007ffb93c90000 - 0x00007ffb93d3d000 	C:\Windows\System32\SHCORE.dll
0x00007ffb93c30000 - 0x00007ffb93c85000 	C:\Windows\System32\shlwapi.dll
0x00007ffb92140000 - 0x00007ffb92165000 	C:\Windows\SYSTEM32\profapi.dll
0x00007ffb87d20000 - 0x00007ffb87df7000 	C:\Users\zayca\.jdks\openjdk-21.0.1\bin\jsvml.dll
0x00007ffb88140000 - 0x00007ffb88150000 	C:\Users\zayca\.jdks\openjdk-21.0.1\bin\net.dll
0x00007ffb8bff0000 - 0x00007ffb8c0fa000 	C:\Windows\SYSTEM32\WINHTTP.dll
0x00007ffb919b0000 - 0x00007ffb91a1a000 	C:\Windows\system32\mswsock.dll
0x00007ffb87580000 - 0x00007ffb87596000 	C:\Users\zayca\.jdks\openjdk-21.0.1\bin\nio.dll
0x00007ffb808b0000 - 0x00007ffb808c8000 	C:\Users\zayca\.jdks\openjdk-21.0.1\bin\zip.dll
0x00007ffb80760000 - 0x00007ffb8077a000 	D:\IntelliJ IDEA 2023.2.5\bin\breakgen64.dll
0x00007ffb87e40000 - 0x00007ffb87e47000 	C:\Users\zayca\.jdks\openjdk-21.0.1\bin\extnet.dll
0x000001f206a50000 - 0x000001f206a53000 	C:\javafx-sdk-21.0.1\bin\api-ms-win-core-console-l1-1-0.dll
0x000001f206a60000 - 0x000001f206a63000 	C:\javafx-sdk-21.0.1\bin\api-ms-win-core-console-l1-2-0.dll
0x000001f206a70000 - 0x000001f206a73000 	C:\javafx-sdk-21.0.1\bin\api-ms-win-core-datetime-l1-1-0.dll
0x000001f206a80000 - 0x000001f206a83000 	C:\javafx-sdk-21.0.1\bin\api-ms-win-core-debug-l1-1-0.dll
0x000001f206a90000 - 0x000001f206a93000 	C:\javafx-sdk-21.0.1\bin\api-ms-win-core-errorhandling-l1-1-0.dll
0x000001f206aa0000 - 0x000001f206aa4000 	C:\javafx-sdk-21.0.1\bin\api-ms-win-core-file-l1-1-0.dll
0x000001f206ab0000 - 0x000001f206ab3000 	C:\javafx-sdk-21.0.1\bin\api-ms-win-core-file-l1-2-0.dll
0x000001f206ac0000 - 0x000001f206ac3000 	C:\javafx-sdk-21.0.1\bin\api-ms-win-core-file-l2-1-0.dll
0x000001f206ad0000 - 0x000001f206ad3000 	C:\javafx-sdk-21.0.1\bin\api-ms-win-core-handle-l1-1-0.dll
0x000001f206ae0000 - 0x000001f206ae3000 	C:\javafx-sdk-21.0.1\bin\api-ms-win-core-heap-l1-1-0.dll
0x000001f206af0000 - 0x000001f206af3000 	C:\javafx-sdk-21.0.1\bin\api-ms-win-core-interlocked-l1-1-0.dll
0x000001f206e60000 - 0x000001f206e63000 	C:\javafx-sdk-21.0.1\bin\api-ms-win-core-libraryloader-l1-1-0.dll
0x000001f206e70000 - 0x000001f206e73000 	C:\javafx-sdk-21.0.1\bin\api-ms-win-core-localization-l1-2-0.dll
0x000001f206e80000 - 0x000001f206e83000 	C:\javafx-sdk-21.0.1\bin\api-ms-win-core-memory-l1-1-0.dll
0x000001f206e90000 - 0x000001f206e93000 	C:\javafx-sdk-21.0.1\bin\api-ms-win-core-namedpipe-l1-1-0.dll
0x000001f206ea0000 - 0x000001f206ea3000 	C:\javafx-sdk-21.0.1\bin\api-ms-win-core-processenvironment-l1-1-0.dll
0x000001f206eb0000 - 0x000001f206eb3000 	C:\javafx-sdk-21.0.1\bin\api-ms-win-core-processthreads-l1-1-0.dll
0x000001f206ec0000 - 0x000001f206ec3000 	C:\javafx-sdk-21.0.1\bin\api-ms-win-core-processthreads-l1-1-1.dll
0x000001f206b00000 - 0x000001f206b03000 	C:\javafx-sdk-21.0.1\bin\api-ms-win-core-profile-l1-1-0.dll
0x000001f206b10000 - 0x000001f206b13000 	C:\javafx-sdk-21.0.1\bin\api-ms-win-core-rtlsupport-l1-1-0.dll
0x000001f206b20000 - 0x000001f206b23000 	C:\javafx-sdk-21.0.1\bin\api-ms-win-core-string-l1-1-0.dll
0x000001f206b30000 - 0x000001f206b33000 	C:\javafx-sdk-21.0.1\bin\api-ms-win-core-synch-l1-1-0.dll
0x000001f206b40000 - 0x000001f206b43000 	C:\javafx-sdk-21.0.1\bin\api-ms-win-core-synch-l1-2-0.dll
0x000001f206b50000 - 0x000001f206b53000 	C:\javafx-sdk-21.0.1\bin\api-ms-win-core-sysinfo-l1-1-0.dll
0x000001f206b60000 - 0x000001f206b63000 	C:\javafx-sdk-21.0.1\bin\api-ms-win-core-timezone-l1-1-0.dll
0x000001f206b70000 - 0x000001f206b73000 	C:\javafx-sdk-21.0.1\bin\api-ms-win-core-util-l1-1-0.dll
0x000001f206b80000 - 0x000001f206b83000 	C:\javafx-sdk-21.0.1\bin\api-ms-win-crt-conio-l1-1-0.dll
0x000001f206b90000 - 0x000001f206b94000 	C:\javafx-sdk-21.0.1\bin\api-ms-win-crt-convert-l1-1-0.dll
0x000001f206ba0000 - 0x000001f206ba3000 	C:\javafx-sdk-21.0.1\bin\api-ms-win-crt-environment-l1-1-0.dll
0x000001f206bb0000 - 0x000001f206bb3000 	C:\javafx-sdk-21.0.1\bin\api-ms-win-crt-filesystem-l1-1-0.dll
0x000001f206bc0000 - 0x000001f206bc3000 	C:\javafx-sdk-21.0.1\bin\api-ms-win-crt-heap-l1-1-0.dll
0x000001f206bd0000 - 0x000001f206bd3000 	C:\javafx-sdk-21.0.1\bin\api-ms-win-crt-locale-l1-1-0.dll
0x000001f206be0000 - 0x000001f206be5000 	C:\javafx-sdk-21.0.1\bin\api-ms-win-crt-math-l1-1-0.dll
0x000001f206bf0000 - 0x000001f206bf5000 	C:\javafx-sdk-21.0.1\bin\api-ms-win-crt-multibyte-l1-1-0.dll
0x000001f206c00000 - 0x000001f206c10000 	C:\javafx-sdk-21.0.1\bin\api-ms-win-crt-private-l1-1-0.dll
0x000001f206c10000 - 0x000001f206c13000 	C:\javafx-sdk-21.0.1\bin\api-ms-win-crt-process-l1-1-0.dll
0x000001f206c20000 - 0x000001f206c24000 	C:\javafx-sdk-21.0.1\bin\api-ms-win-crt-runtime-l1-1-0.dll
0x000001f206c30000 - 0x000001f206c34000 	C:\javafx-sdk-21.0.1\bin\api-ms-win-crt-stdio-l1-1-0.dll
0x000001f206c40000 - 0x000001f206c44000 	C:\javafx-sdk-21.0.1\bin\api-ms-win-crt-string-l1-1-0.dll
0x000001f206c50000 - 0x000001f206c53000 	C:\javafx-sdk-21.0.1\bin\api-ms-win-crt-time-l1-1-0.dll
0x000001f206c60000 - 0x000001f206c63000 	C:\javafx-sdk-21.0.1\bin\api-ms-win-crt-utility-l1-1-0.dll
0x00007ffb5b4f0000 - 0x00007ffb5b5ec000 	C:\javafx-sdk-21.0.1\bin\ucrtbase.dll
0x00007ffb7f300000 - 0x00007ffb7f31b000 	C:\javafx-sdk-21.0.1\bin\vcruntime140.dll
0x00007ffb87d10000 - 0x00007ffb87d1c000 	C:\javafx-sdk-21.0.1\bin\vcruntime140_1.dll
0x00007ffb774e0000 - 0x00007ffb7756e000 	C:\javafx-sdk-21.0.1\bin\msvcp140.dll
0x00007ffb92b90000 - 0x00007ffb92cbb000 	C:\Windows\System32\ole32.dll
0x00007ffb87570000 - 0x00007ffb87579000 	C:\javafx-sdk-21.0.1\bin\msvcp140_1.dll
0x00007ffb774b0000 - 0x00007ffb774df000 	C:\javafx-sdk-21.0.1\bin\msvcp140_2.dll
0x00007ffb772f0000 - 0x00007ffb7731f000 	C:\javafx-sdk-21.0.1\bin\prism_d3d.dll
0x00007ffb879a0000 - 0x00007ffb87b6d000 	C:\Windows\system32\d3d9.dll
0x00007ffb8fe00000 - 0x00007ffb8fe2f000 	C:\Windows\SYSTEM32\dwmapi.dll
0x00007ffb8fc20000 - 0x00007ffb8fcbe000 	C:\Windows\system32\uxtheme.dll
0x00007ffb89ea0000 - 0x00007ffb89f5e000 	C:\Windows\System32\DriverStore\FileRepository\nvacegpu.inf_amd64_ae5f53e3b36c43cf\nvldumdx.dll
0x00007ffb91de0000 - 0x00007ffb91df2000 	C:\Windows\SYSTEM32\msasn1.dll
0x00007ffb8bc50000 - 0x00007ffb8bc81000 	C:\Windows\SYSTEM32\cryptnet.dll
0x00007ffb92860000 - 0x00007ffb929bd000 	C:\Windows\System32\CRYPT32.dll
0x00007ffb8bab0000 - 0x00007ffb8bbf8000 	C:\Windows\SYSTEM32\drvstore.dll
0x00007ffb91e00000 - 0x00007ffb91e33000 	C:\Windows\SYSTEM32\devobj.dll
0x00007ffb92810000 - 0x00007ffb9285e000 	C:\Windows\System32\cfgmgr32.dll
0x00007ffb91bc0000 - 0x00007ffb91bcc000 	C:\Windows\SYSTEM32\cryptbase.dll
0x00007ffb92340000 - 0x00007ffb923a7000 	C:\Windows\System32\WINTRUST.DLL
0x00007ffb92cc0000 - 0x00007ffb92cdd000 	C:\Windows\System32\imagehlp.dll
0x00007ffb91ba0000 - 0x00007ffb91bb8000 	C:\Windows\SYSTEM32\CRYPTSP.dll
0x00007ffb91270000 - 0x00007ffb912a4000 	C:\Windows\system32\rsaenh.dll
0x00007ffb927e0000 - 0x00007ffb92807000 	C:\Windows\System32\bcrypt.dll
0x00007ffb3c7a0000 - 0x00007ffb3eda8000 	C:\Windows\System32\DriverStore\FileRepository\nvacegpu.inf_amd64_ae5f53e3b36c43cf\nvd3dumx.dll
0x00007ffb772a0000 - 0x00007ffb772e2000 	C:\javafx-sdk-21.0.1\bin\glass.dll
0x00007ffb92ce0000 - 0x00007ffb92dba000 	C:\Windows\System32\COMDLG32.dll
0x00007ffb94160000 - 0x00007ffb9422d000 	C:\Windows\System32\OLEAUT32.dll
0x00007ffb94230000 - 0x00007ffb94344000 	C:\Windows\System32\MSCTF.dll
0x00007ffb48e00000 - 0x00007ffb490d1000 	C:\Windows\system32\nvspcap64.dll
0x00007ffb91390000 - 0x00007ffb913c3000 	C:\Windows\SYSTEM32\ntmarta.dll
0x00007ffb90aa0000 - 0x00007ffb90ac3000 	C:\Windows\SYSTEM32\gpapi.dll
0x00007ffb89fb0000 - 0x00007ffb89feb000 	C:\Windows\SYSTEM32\dxcore.dll
0x00007ffb7f2e0000 - 0x00007ffb7f2f4000 	C:\javafx-sdk-21.0.1\bin\javafx_font.dll
0x00007ffb7ea60000 - 0x00007ffb7ecdf000 	C:\Windows\SYSTEM32\dwrite.dll
0x00007ffb93ae0000 - 0x00007ffb93b89000 	C:\Windows\System32\clbcatq.dll
0x00007ffb8be30000 - 0x00007ffb8bfe4000 	C:\Windows\SYSTEM32\WindowsCodecs.dll
0x00007ffb7b1a0000 - 0x00007ffb7b1de000 	C:\Windows\system32\dataexchange.dll
0x00007ffb8ee50000 - 0x00007ffb8f033000 	C:\Windows\system32\dcomp.dll

dbghelp: loaded successfully - version: 4.0.5 - missing functions: none
symbol engine: initialized successfully - sym options: 0x614 - pdb path: .;C:\Users\zayca\.jdks\openjdk-21.0.1\bin;C:\Windows\SYSTEM32;C:\Windows\WinSxS\amd64_microsoft.windows.common-controls_6595b64144ccf1df_6.0.19041.3636_none_60b6a03d71f818d5;C:\Users\zayca\.jdks\openjdk-21.0.1\bin\server;D:\IntelliJ IDEA 2023.2.5\bin;C:\javafx-sdk-21.0.1\bin;C:\Windows\System32\DriverStore\FileRepository\nvacegpu.inf_amd64_ae5f53e3b36c43cf;C:\Program Files\Common Files\Microsoft Shared\Ink;C:\Windows\WinSxS\amd64_microsoft.windows.gdiplus_6595b64144ccf1df_1.1.19041.3636_none_91a19322cc8a92a3

VM Arguments:
jvm_args: --module-path=C:\javafx-sdk-21.0.1\lib --add-modules=javafx.controls,javafx.fxml -javaagent:D:\IntelliJ IDEA 2023.2.5\lib\idea_rt.jar=59876:D:\IntelliJ IDEA 2023.2.5\bin -Dfile.encoding=UTF-8 -Dsun.stdout.encoding=UTF-8 -Dsun.stderr.encoding=UTF-8 
java_command: javapro.ImageEditor
java_class_path (initial): C:\Users\zayca\IdeaProjects\fx2\out\production\fx2;C:\javafx-sdk-21.0.1\lib\javafx-swt.jar;C:\javafx-sdk-21.0.1\lib\javafx.web.jar;C:\javafx-sdk-21.0.1\lib\javafx.base.jar;C:\javafx-sdk-21.0.1\lib\javafx.fxml.jar;C:\javafx-sdk-21.0.1\lib\javafx.media.jar;C:\javafx-sdk-21.0.1\lib\javafx.swing.jar;C:\javafx-sdk-21.0.1\lib\javafx.controls.jar;C:\javafx-sdk-21.0.1\lib\javafx.graphics.jar
Launcher Type: SUN_STANDARD

[Global flags]
     intx CICompilerCount                          = 3                                         {product} {ergonomic}
     uint ConcGCThreads                            = 1                                         {product} {ergonomic}
     uint G1ConcRefinementThreads                  = 4                                         {product} {ergonomic}
   size_t G1HeapRegionSize                         = 2097152                                   {product} {ergonomic}
    uintx GCDrainStackTargetSize                   = 64                                        {product} {ergonomic}
   size_t InitialHeapSize                          = 268435456                                 {product} {ergonomic}
   size_t MarkStackSize                            = 4194304                                   {product} {ergonomic}
   size_t MaxHeapSize                              = 4290772992                                {product} {ergonomic}
   size_t MaxNewSize                               = 2573205504                                {product} {ergonomic}
   size_t MinHeapDeltaBytes                        = 2097152                                   {product} {ergonomic}
   size_t MinHeapSize                              = 8388608                                   {product} {ergonomic}
    uintx NonNMethodCodeHeapSize                   = 5832780                                {pd product} {ergonomic}
    uintx NonProfiledCodeHeapSize                  = 122912730                              {pd product} {ergonomic}
    uintx ProfiledCodeHeapSize                     = 122912730                              {pd product} {ergonomic}
    uintx ReservedCodeCacheSize                    = 251658240                              {pd product} {ergonomic}
     bool SegmentedCodeCache                       = true                                      {product} {ergonomic}
   size_t SoftMaxHeapSize                          = 4290772992                             {manageable} {ergonomic}
     bool UseCompressedOops                        = true                           {product lp64_product} {ergonomic}
     bool UseG1GC                                  = true                                      {product} {ergonomic}
     bool UseLargePagesIndividualAllocation        = false                                  {pd product} {ergonomic}

Logging:
Log output configuration:
 #0: stdout all=off uptime,level,tags foldmultilines=false
 #1: stderr all=off uptime,level,tags foldmultilines=false

Environment Variables:
PATH=C:\Windows\system32;C:\Windows;C:\Windows\System32\Wbem;C:\Windows\System32\WindowsPowerShell\v1.0\;C:\Windows\System32\OpenSSH\;C:\Program Files (x86)\NVIDIA Corporation\PhysX\Common;C:\Program Files\NVIDIA Corporation\NVIDIA NvDLISR;C:\Users\zayca\AppData\Local\Microsoft\WindowsApps;
USERNAME=zayca
OS=Windows_NT
PROCESSOR_IDENTIFIER=AMD64 Family 21 Model 2 Stepping 0, AuthenticAMD
TMP=C:\Users\zayca\AppData\Local\Temp
TEMP=C:\Users\zayca\AppData\Local\Temp




Periodic native trim disabled

---------------  S Y S T E M  ---------------

OS:
 Windows 10 , 64 bit Build 19041 (10.0.19041.3636)
OS uptime: 16 days 13:59 hours

CPU: total 4 (initial active 4) (4 cores per cpu, 1 threads per core) family 21 model 2 stepping 0 microcode 0x0, cx8, cmov, fxsr, mmx, 3dnowpref, sse, sse2, sse3, ssse3, sse4a, sse4.1, sse4.2, popcnt, lzcnt, tsc, tscinvbit, avx, aes, clmul, bmi1, fma, vzeroupper, clflush, rdtscp, f16c
Processor Information for all 4 processors :
  Max Mhz: 4200, Current Mhz: 4200, Mhz Limit: 4200

Memory: 4k page, system-wide physical 16365M (6815M free)
TotalPageFile size 24557M (AvailPageFile size 9173M)
current process WorkingSet (physical memory assigned to process): 319M, peak: 319M
current process commit charge ("private bytes"): 478M, peak: 483M

vm_info: OpenJDK 64-Bit Server VM (21.0.1+12-29) for windows-amd64 JRE (21.0.1+12-29), built on 2023-10-05T13:27:09Z by "mach5one" with MS VC++ 17.1 (VS2022)

END.
